2026-01-15 00:02:12,539 INFO    MainThread:34412 [wandb_setup.py:_flush():80] Current SDK version is 0.23.0
2026-01-15 00:02:12,539 INFO    MainThread:34412 [wandb_setup.py:_flush():80] Configure stats pid to 34412
2026-01-15 00:02:12,539 INFO    MainThread:34412 [wandb_setup.py:_flush():80] Loading settings from C:\Users\Simulation\.config\wandb\settings
2026-01-15 00:02:12,539 INFO    MainThread:34412 [wandb_setup.py:_flush():80] Loading settings from C:\isaacsim\cobotproject\scripts\Reinforcement Learning\MAPPO\train\wandb\settings
2026-01-15 00:02:12,539 INFO    MainThread:34412 [wandb_setup.py:_flush():80] Loading settings from environment variables
2026-01-15 00:02:12,539 INFO    MainThread:34412 [wandb_init.py:setup_run_log_directory():713] Logging user logs to C:\isaacsim\cobotproject\scripts\Reinforcement Learning\MAPPO\train\wandb\run-20260115_000212-hd6ynab6\logs\debug.log
2026-01-15 00:02:12,544 INFO    MainThread:34412 [wandb_init.py:setup_run_log_directory():714] Logging internal logs to C:\isaacsim\cobotproject\scripts\Reinforcement Learning\MAPPO\train\wandb\run-20260115_000212-hd6ynab6\logs\debug-internal.log
2026-01-15 00:02:12,544 INFO    MainThread:34412 [wandb_init.py:init():840] calling init triggers
2026-01-15 00:02:12,544 INFO    MainThread:34412 [wandb_init.py:init():845] wandb.init called with sweep_config: {}
config: {'grid_size': 4, 'num_cubes': 6, 'max_steps': 50, 'timesteps': 50, 'buffer_size': 256, 'batch_size': 64, 'ppo_epochs': 10, 'num_mini_batch': 4, 'lr': 0.0003, 'gamma': 0.99, 'gae_lambda': 0.95, 'clip_param': 0.2, 'value_loss_coef': 1.0, 'entropy_coef': 0.01, 'max_grad_norm': 0.5, 'max_reshuffles': 5, 'reshuffle_reward_scale': 1.0, 'ddqn_model_path': 'C:\\isaacsim\\cobotproject\\scripts\\Reinforcement Learning\\doubleDQN_script\\models\\ddqn_astar_grid4_cubes6_20251220_014823_final.pt', 'wandb_project': 'ddqn-mappo-object-selection-reshuffling', 'run_name': 'grid4x4_6cubes_astar_test', 'config_name': 'grid4x4_6cubes', 'log_interval': 1, 'save_interval': 50, 'seed': 42, 'device': 'cuda', 'resume': None, '_wandb': {}}
2026-01-15 00:02:12,544 INFO    MainThread:34412 [wandb_init.py:init():888] starting backend
2026-01-15 00:02:12,988 INFO    Thread-6 (wrapped_target):34412 [retry.py:__call__():164] [no run ID] Retry attempt failed:
Traceback (most recent call last):
  File "C:\isaacsim\kit\python\Lib\site-packages\urllib3\connectionpool.py", line 464, in _make_request
    self._validate_conn(conn)
  File "C:\isaacsim\kit\python\Lib\site-packages\urllib3\connectionpool.py", line 1093, in _validate_conn
    conn.connect()
  File "C:\isaacsim\kit\python\Lib\site-packages\urllib3\connection.py", line 790, in connect
    sock_and_verified = _ssl_wrap_socket_and_match_hostname(
                        ^^^^^^^^^^^^^^^^^^^^^^^^^^^^^^^^^^^^
  File "C:\isaacsim\kit\python\Lib\site-packages\urllib3\connection.py", line 969, in _ssl_wrap_socket_and_match_hostname
    ssl_sock = ssl_wrap_socket(
               ^^^^^^^^^^^^^^^^
  File "C:\isaacsim\kit\python\Lib\site-packages\urllib3\util\ssl_.py", line 480, in ssl_wrap_socket
    ssl_sock = _ssl_wrap_socket_impl(sock, context, tls_in_tls, server_hostname)
               ^^^^^^^^^^^^^^^^^^^^^^^^^^^^^^^^^^^^^^^^^^^^^^^^^^^^^^^^^^^^^^^^^
  File "C:\isaacsim\kit\python\Lib\site-packages\urllib3\util\ssl_.py", line 524, in _ssl_wrap_socket_impl
    return ssl_context.wrap_socket(sock, server_hostname=server_hostname)
           ^^^^^^^^^^^^^^^^^^^^^^^^^^^^^^^^^^^^^^^^^^^^^^^^^^^^^^^^^^^^^^
  File "C:\isaacsim\kit\python\Lib\ssl.py", line 517, in wrap_socket
    return self.sslsocket_class._create(
           ^^^^^^^^^^^^^^^^^^^^^^^^^^^^^
  File "C:\isaacsim\kit\python\Lib\ssl.py", line 1104, in _create
    self.do_handshake()
  File "C:\isaacsim\kit\python\Lib\ssl.py", line 1382, in do_handshake
    self._sslobj.do_handshake()
ssl.SSLCertVerificationError: [SSL: CERTIFICATE_VERIFY_FAILED] certificate verify failed: self-signed certificate in certificate chain (_ssl.c:1016)

During handling of the above exception, another exception occurred:

Traceback (most recent call last):
  File "C:\isaacsim\kit\python\Lib\site-packages\urllib3\connectionpool.py", line 787, in urlopen
    response = self._make_request(
               ^^^^^^^^^^^^^^^^^^^
  File "C:\isaacsim\kit\python\Lib\site-packages\urllib3\connectionpool.py", line 488, in _make_request
    raise new_e
urllib3.exceptions.SSLError: [SSL: CERTIFICATE_VERIFY_FAILED] certificate verify failed: self-signed certificate in certificate chain (_ssl.c:1016)

The above exception was the direct cause of the following exception:

Traceback (most recent call last):
  File "C:\isaacsim\kit\python\Lib\site-packages\requests\adapters.py", line 644, in send
    resp = conn.urlopen(
           ^^^^^^^^^^^^^
  File "C:\isaacsim\kit\python\Lib\site-packages\urllib3\connectionpool.py", line 841, in urlopen
    retries = retries.increment(
              ^^^^^^^^^^^^^^^^^^
  File "C:\isaacsim\kit\python\Lib\site-packages\urllib3\util\retry.py", line 519, in increment
    raise MaxRetryError(_pool, url, reason) from reason  # type: ignore[arg-type]
    ^^^^^^^^^^^^^^^^^^^^^^^^^^^^^^^^^^^^^^^^^^^^^^^^^^^
urllib3.exceptions.MaxRetryError: HTTPSConnectionPool(host='api.wandb.ai', port=443): Max retries exceeded with url: /graphql (Caused by SSLError(SSLCertVerificationError(1, '[SSL: CERTIFICATE_VERIFY_FAILED] certificate verify failed: self-signed certificate in certificate chain (_ssl.c:1016)')))

During handling of the above exception, another exception occurred:

Traceback (most recent call last):
  File "C:\isaacsim\kit\python\Lib\site-packages\wandb\sdk\lib\retry.py", line 157, in __call__
    result = self._call_fn(*args, **kwargs)
             ^^^^^^^^^^^^^^^^^^^^^^^^^^^^^^
  File "C:\isaacsim\kit\python\Lib\site-packages\wandb\sdk\internal\internal_api.py", line 391, in execute
    return self.client.execute(*args, **kwargs)  # type: ignore
           ^^^^^^^^^^^^^^^^^^^^^^^^^^^^^^^^^^^^
  File "C:\isaacsim\kit\python\Lib\site-packages\wandb\vendor\gql-0.2.0\wandb_gql\client.py", line 52, in execute
    result = self._get_result(document, *args, **kwargs)
             ^^^^^^^^^^^^^^^^^^^^^^^^^^^^^^^^^^^^^^^^^^^
  File "C:\isaacsim\kit\python\Lib\site-packages\wandb\vendor\gql-0.2.0\wandb_gql\client.py", line 60, in _get_result
    return self.transport.execute(document, *args, **kwargs)
           ^^^^^^^^^^^^^^^^^^^^^^^^^^^^^^^^^^^^^^^^^^^^^^^^^
  File "C:\isaacsim\kit\python\Lib\site-packages\wandb\sdk\lib\gql_request.py", line 70, in execute
    request = self.session.post(self.url, **post_args)
              ^^^^^^^^^^^^^^^^^^^^^^^^^^^^^^^^^^^^^^^^
  File "C:\isaacsim\kit\python\Lib\site-packages\requests\sessions.py", line 637, in post
    return self.request("POST", url, data=data, json=json, **kwargs)
           ^^^^^^^^^^^^^^^^^^^^^^^^^^^^^^^^^^^^^^^^^^^^^^^^^^^^^^^^^
  File "C:\isaacsim\kit\python\Lib\site-packages\requests\sessions.py", line 589, in request
    resp = self.send(prep, **send_kwargs)
           ^^^^^^^^^^^^^^^^^^^^^^^^^^^^^^
  File "C:\isaacsim\kit\python\Lib\site-packages\requests\sessions.py", line 703, in send
    r = adapter.send(request, **kwargs)
        ^^^^^^^^^^^^^^^^^^^^^^^^^^^^^^^
  File "C:\isaacsim\kit\python\Lib\site-packages\requests\adapters.py", line 675, in send
    raise SSLError(e, request=request)
requests.exceptions.SSLError: HTTPSConnectionPool(host='api.wandb.ai', port=443): Max retries exceeded with url: /graphql (Caused by SSLError(SSLCertVerificationError(1, '[SSL: CERTIFICATE_VERIFY_FAILED] certificate verify failed: self-signed certificate in certificate chain (_ssl.c:1016)')))
2026-01-15 00:02:14,992 INFO    MainThread:34412 [wandb_init.py:init():891] sending inform_init request
2026-01-15 00:02:15,010 INFO    MainThread:34412 [wandb_init.py:init():899] backend started and connected
2026-01-15 00:02:15,032 INFO    MainThread:34412 [wandb_init.py:init():969] updated telemetry
2026-01-15 00:02:15,034 INFO    MainThread:34412 [wandb_init.py:init():993] communicating run to backend with 90.0 second timeout
2026-01-15 00:02:15,828 INFO    MainThread:34412 [wandb_init.py:init():1040] starting run threads in backend
2026-01-15 00:02:16,533 INFO    MainThread:34412 [wandb_run.py:_console_start():2504] atexit reg
2026-01-15 00:02:16,533 INFO    MainThread:34412 [wandb_run.py:_redirect():2352] redirect: wrap_raw
2026-01-15 00:02:16,533 INFO    MainThread:34412 [wandb_run.py:_redirect():2421] Wrapping output streams.
2026-01-15 00:02:16,534 INFO    MainThread:34412 [wandb_run.py:_redirect():2444] Redirects installed.
2026-01-15 00:02:16,541 INFO    MainThread:34412 [wandb_init.py:init():1080] run started, returning control to user process
2026-01-15 00:02:19,395 INFO    MainThread:34412 [wandb_run.py:_finish():2270] finishing run falgunsinha/ddqn-mappo-object-selection-reshuffling/hd6ynab6
2026-01-15 00:02:19,396 INFO    MainThread:34412 [wandb_run.py:_atexit_cleanup():2469] got exitcode: 0
2026-01-15 00:02:19,397 INFO    MainThread:34412 [wandb_run.py:_restore():2451] restore
2026-01-15 00:02:19,398 INFO    MainThread:34412 [wandb_run.py:_restore():2457] restore done
2026-01-15 00:02:20,497 INFO    MainThread:34412 [wandb_run.py:_footer_sync_info():3853] logging synced files
